<?xml version="1.0" encoding="UTF-8"?>
<testsuite xmlns:xsi="http://www.w3.org/2001/XMLSchema-instance" xsi:noNamespaceSchemaLocation="https://maven.apache.org/surefire/maven-surefire-plugin/xsd/surefire-test-report-3.0.xsd" version="3.0" name="testrunners.TestRunner" time="33.09" tests="4" errors="0" skipped="0" failures="0">
  <properties>
[...]
</properties>
  <testcase name="Check error message with invalid email input #1" classname="Spotify Home Page" time="9.292">
    <system-out><![CDATA[
Scenario Outline: Check error message with invalid email input &amp#27;[90m# src/test/resources/features/SpotifyLogin.feature:14&amp#27;[0m
  &amp#27;[32mGiven &amp#27;[0m&amp#27;[32mI open the Spotify home page&amp#27;[0m                           &amp#27;[90m# stepdefinitions.StepDefinitions.i_open_the_spotify_home_page()&amp#27;[0m
  &amp#27;[32mThen &amp#27;[0m&amp#27;[32mthe sign-in button should be visible&amp#27;[0m                    &amp#27;[90m# stepdefinitions.StepDefinitions.the_sign_in_button_should_be_visible()&amp#27;[0m
  &amp#27;[32mWhen &amp#27;[0m&amp#27;[32mthe sign-in button is clicked&amp#27;[0m                           &amp#27;[90m# stepdefinitions.StepDefinitions.the_sign_in_button_is_clicked()&amp#27;[0m
  &amp#27;[32mAnd &amp#27;[0m&amp#27;[32mthe sign-in page is opened&amp#27;[0m                               &amp#27;[90m# stepdefinitions.StepDefinitions.the_sign_in_page_is_opened()&amp#27;[0m
  &amp#27;[32mAnd &amp#27;[0m&amp#27;[32m&amp#27;[0m&amp#27;[32m&amp#27;[1m"invalid-email"&amp#27;[0m&amp#27;[32m is typed into Email address field&amp#27;[0m        &amp#27;[90m# stepdefinitions.StepDefinitions.invalid_email_is_typed_into_email_address_field(java.lang.String)&amp#27;[0m
  &amp#27;[32mAnd &amp#27;[0m&amp#27;[32menter is pressed&amp#27;[0m                                         &amp#27;[90m# stepdefinitions.StepDefinitions.enter_is_pressed()&amp#27;[0m
  &amp#27;[32mThen &amp#27;[0m&amp#27;[32mError message should be visible&amp#27;[0m                         &amp#27;[90m# stepdefinitions.StepDefinitions.error_message_should_be_visible()&amp#27;[0m
]]></system-out>
    <system-err><![CDATA[SLF4J: No SLF4J providers were found.
SLF4J: Defaulting to no-operation (NOP) logger implementation
SLF4J: See https://www.slf4j.org/codes.html#noProviders for further details.
SLF4J: Class path contains SLF4J bindings targeting slf4j-api versions 1.7.x or earlier.
SLF4J: Ignoring binding found at [jar:file:/C:/Users/Balazs_Cservenak/.m2/repository/ch/qos/logback/logback-classic/1.2.3/logback-classic-1.2.3.jar!/org/slf4j/impl/StaticLoggerBinder.class]
SLF4J: See https://www.slf4j.org/codes.html#ignoredBindings for an explanation.
Nov 21, 2024 1:57:28 PM org.openqa.selenium.devtools.CdpVersionFinder findNearestMatch
WARNING: Unable to find CDP implementation matching 131
Nov 21, 2024 1:57:28 PM org.openqa.selenium.chromium.ChromiumDriver lambda$new$5
WARNING: Unable to find version of CDP to use for 131.0.6778.71. You may need to include a dependency on a specific version of the CDP using something similar to `org.seleniumhq.selenium:selenium-devtools-v86:4.11.0` where the version ("v86") matches the version of the chromium-based browser you're using and the version number of the artifact is the same as Selenium's.
]]></system-err>
  </testcase>
  <testcase name="Check error message with invalid email input #2" classname="Spotify Home Page" time="8.382">
    <system-out><![CDATA[
Scenario Outline: Check error message with invalid email input &amp#27;[90m# src/test/resources/features/SpotifyLogin.feature:15&amp#27;[0m
  &amp#27;[32mGiven &amp#27;[0m&amp#27;[32mI open the Spotify home page&amp#27;[0m                           &amp#27;[90m# stepdefinitions.StepDefinitions.i_open_the_spotify_home_page()&amp#27;[0m
  &amp#27;[32mThen &amp#27;[0m&amp#27;[32mthe sign-in button should be visible&amp#27;[0m                    &amp#27;[90m# stepdefinitions.StepDefinitions.the_sign_in_button_should_be_visible()&amp#27;[0m
  &amp#27;[32mWhen &amp#27;[0m&amp#27;[32mthe sign-in button is clicked&amp#27;[0m                           &amp#27;[90m# stepdefinitions.StepDefinitions.the_sign_in_button_is_clicked()&amp#27;[0m
  &amp#27;[32mAnd &amp#27;[0m&amp#27;[32mthe sign-in page is opened&amp#27;[0m                               &amp#27;[90m# stepdefinitions.StepDefinitions.the_sign_in_page_is_opened()&amp#27;[0m
  &amp#27;[32mAnd &amp#27;[0m&amp#27;[32m&amp#27;[0m&amp#27;[32m&amp#27;[1m"@missingusername.com"&amp#27;[0m&amp#27;[32m is typed into Email address field&amp#27;[0m &amp#27;[90m# stepdefinitions.StepDefinitions.invalid_email_is_typed_into_email_address_field(java.lang.String)&amp#27;[0m
  &amp#27;[32mAnd &amp#27;[0m&amp#27;[32menter is pressed&amp#27;[0m                                         &amp#27;[90m# stepdefinitions.StepDefinitions.enter_is_pressed()&amp#27;[0m
  &amp#27;[32mThen &amp#27;[0m&amp#27;[32mError message should be visible&amp#27;[0m                         &amp#27;[90m# stepdefinitions.StepDefinitions.error_message_should_be_visible()&amp#27;[0m
]]></system-out>
    <system-err><![CDATA[Nov 21, 2024 1:57:36 PM org.openqa.selenium.devtools.CdpVersionFinder findNearestMatch
WARNING: Unable to find CDP implementation matching 131
Nov 21, 2024 1:57:36 PM org.openqa.selenium.chromium.ChromiumDriver lambda$new$5
WARNING: Unable to find version of CDP to use for 131.0.6778.71. You may need to include a dependency on a specific version of the CDP using something similar to `org.seleniumhq.selenium:selenium-devtools-v86:4.11.0` where the version ("v86") matches the version of the chromium-based browser you're using and the version number of the artifact is the same as Selenium's.
]]></system-err>
  </testcase>
  <testcase name="Check error message with invalid email input #3" classname="Spotify Home Page" time="7.386">
    <system-out><![CDATA[
Scenario Outline: Check error message with invalid email input &amp#27;[90m# src/test/resources/features/SpotifyLogin.feature:16&amp#27;[0m
  &amp#27;[32mGiven &amp#27;[0m&amp#27;[32mI open the Spotify home page&amp#27;[0m                           &amp#27;[90m# stepdefinitions.StepDefinitions.i_open_the_spotify_home_page()&amp#27;[0m
  &amp#27;[32mThen &amp#27;[0m&amp#27;[32mthe sign-in button should be visible&amp#27;[0m                    &amp#27;[90m# stepdefinitions.StepDefinitions.the_sign_in_button_should_be_visible()&amp#27;[0m
  &amp#27;[32mWhen &amp#27;[0m&amp#27;[32mthe sign-in button is clicked&amp#27;[0m                           &amp#27;[90m# stepdefinitions.StepDefinitions.the_sign_in_button_is_clicked()&amp#27;[0m
  &amp#27;[32mAnd &amp#27;[0m&amp#27;[32mthe sign-in page is opened&amp#27;[0m                               &amp#27;[90m# stepdefinitions.StepDefinitions.the_sign_in_page_is_opened()&amp#27;[0m
  &amp#27;[32mAnd &amp#27;[0m&amp#27;[32m&amp#27;[0m&amp#27;[32m&amp#27;[1m"missingatsymbol.com"&amp#27;[0m&amp#27;[32m is typed into Email address field&amp#27;[0m  &amp#27;[90m# stepdefinitions.StepDefinitions.invalid_email_is_typed_into_email_address_field(java.lang.String)&amp#27;[0m
  &amp#27;[32mAnd &amp#27;[0m&amp#27;[32menter is pressed&amp#27;[0m                                         &amp#27;[90m# stepdefinitions.StepDefinitions.enter_is_pressed()&amp#27;[0m
  &amp#27;[32mThen &amp#27;[0m&amp#27;[32mError message should be visible&amp#27;[0m                         &amp#27;[90m# stepdefinitions.StepDefinitions.error_message_should_be_visible()&amp#27;[0m
]]></system-out>
    <system-err><![CDATA[Nov 21, 2024 1:57:44 PM org.openqa.selenium.devtools.CdpVersionFinder findNearestMatch
WARNING: Unable to find CDP implementation matching 131
Nov 21, 2024 1:57:44 PM org.openqa.selenium.chromium.ChromiumDriver lambda$new$5
WARNING: Unable to find version of CDP to use for 131.0.6778.71. You may need to include a dependency on a specific version of the CDP using something similar to `org.seleniumhq.selenium:selenium-devtools-v86:4.11.0` where the version ("v86") matches the version of the chromium-based browser you're using and the version number of the artifact is the same as Selenium's.
]]></system-err>
  </testcase>
  <testcase name="Check error message with invalid email input #4" classname="Spotify Home Page" time="7.288">
    <system-out><![CDATA[
Scenario Outline: Check error message with invalid email input &amp#27;[90m# src/test/resources/features/SpotifyLogin.feature:17&amp#27;[0m
  &amp#27;[32mGiven &amp#27;[0m&amp#27;[32mI open the Spotify home page&amp#27;[0m                           &amp#27;[90m# stepdefinitions.StepDefinitions.i_open_the_spotify_home_page()&amp#27;[0m
  &amp#27;[32mThen &amp#27;[0m&amp#27;[32mthe sign-in button should be visible&amp#27;[0m                    &amp#27;[90m# stepdefinitions.StepDefinitions.the_sign_in_button_should_be_visible()&amp#27;[0m
  &amp#27;[32mWhen &amp#27;[0m&amp#27;[32mthe sign-in button is clicked&amp#27;[0m                           &amp#27;[90m# stepdefinitions.StepDefinitions.the_sign_in_button_is_clicked()&amp#27;[0m
  &amp#27;[32mAnd &amp#27;[0m&amp#27;[32mthe sign-in page is opened&amp#27;[0m                               &amp#27;[90m# stepdefinitions.StepDefinitions.the_sign_in_page_is_opened()&amp#27;[0m
  &amp#27;[32mAnd &amp#27;[0m&amp#27;[32m&amp#27;[0m&amp#27;[32m&amp#27;[1m"invalid.@domain"&amp#27;[0m&amp#27;[32m is typed into Email address field&amp#27;[0m      &amp#27;[90m# stepdefinitions.StepDefinitions.invalid_email_is_typed_into_email_address_field(java.lang.String)&amp#27;[0m
  &amp#27;[32mAnd &amp#27;[0m&amp#27;[32menter is pressed&amp#27;[0m                                         &amp#27;[90m# stepdefinitions.StepDefinitions.enter_is_pressed()&amp#27;[0m
  &amp#27;[32mThen &amp#27;[0m&amp#27;[32mError message should be visible&amp#27;[0m                         &amp#27;[90m# stepdefinitions.StepDefinitions.error_message_should_be_visible()&amp#27;[0m
]]></system-out>
    <system-err><![CDATA[Nov 21, 2024 1:57:52 PM org.openqa.selenium.devtools.CdpVersionFinder findNearestMatch
WARNING: Unable to find CDP implementation matching 131
Nov 21, 2024 1:57:52 PM org.openqa.selenium.chromium.ChromiumDriver lambda$new$5
WARNING: Unable to find version of CDP to use for 131.0.6778.71. You may need to include a dependency on a specific version of the CDP using something similar to `org.seleniumhq.selenium:selenium-devtools-v86:4.11.0` where the version ("v86") matches the version of the chromium-based browser you're using and the version number of the artifact is the same as Selenium's.
]]></system-err>
  </testcase>
</testsuite>